2019-03-05 09:34:53.062  INFO 8027 --- [main] c.e.l.LibrarymanagerApplicationTests     : Starting LibrarymanagerApplicationTests on gk with PID 8027 (started by gk in /home/gk/IdeaProjects/librarymanager)
2019-03-05 09:34:53.069  INFO 8027 --- [main] c.e.l.LibrarymanagerApplicationTests     : No active profile set, falling back to default profiles: default
2019-03-05 09:34:54.888  INFO 8027 --- [main] .s.d.r.c.RepositoryConfigurationDelegate : Bootstrapping Spring Data repositories in DEFAULT mode.
2019-03-05 09:34:54.926  INFO 8027 --- [main] .s.d.r.c.RepositoryConfigurationDelegate : Finished Spring Data repository scanning in 19ms. Found 0 repository interfaces.
2019-03-05 09:34:55.438  INFO 8027 --- [main] trationDelegate$BeanPostProcessorChecker : Bean 'org.springframework.transaction.annotation.ProxyTransactionManagementConfiguration' of type [org.springframework.transaction.annotation.ProxyTransactionManagementConfiguration$$EnhancerBySpringCGLIB$$42e85ffc] is not eligible for getting processed by all BeanPostProcessors (for example: not eligible for auto-proxying)
2019-03-05 09:34:55.727  INFO 8027 --- [main] com.zaxxer.hikari.HikariDataSource       : HikariPool-1 - Starting...
2019-03-05 09:34:55.730  WARN 8027 --- [main] com.zaxxer.hikari.util.DriverDataSource  : Registered driver with driverClassName=com.mysql.jdbc.Driver was not found, trying direct instantiation.
2019-03-05 09:34:56.126  INFO 8027 --- [main] com.zaxxer.hikari.HikariDataSource       : HikariPool-1 - Start completed.
2019-03-05 09:34:56.250  INFO 8027 --- [main] o.hibernate.jpa.internal.util.LogHelper  : HHH000204: Processing PersistenceUnitInfo [
	name: default
	...]
2019-03-05 09:34:56.409  INFO 8027 --- [main] org.hibernate.Version                    : HHH000412: Hibernate Core {5.3.7.Final}
2019-03-05 09:34:56.411  INFO 8027 --- [main] org.hibernate.cfg.Environment            : HHH000206: hibernate.properties not found
2019-03-05 09:34:56.769  INFO 8027 --- [main] o.hibernate.annotations.common.Version   : HCANN000001: Hibernate Commons Annotations {5.0.4.Final}
2019-03-05 09:34:57.164  INFO 8027 --- [main] org.hibernate.dialect.Dialect            : HHH000400: Using dialect: org.hibernate.dialect.MySQL5Dialect
2019-03-05 09:34:57.493  INFO 8027 --- [main] j.LocalContainerEntityManagerFactoryBean : Initialized JPA EntityManagerFactory for persistence unit 'default'
2019-03-05 09:34:58.820  INFO 8027 --- [main] o.s.s.concurrent.ThreadPoolTaskExecutor  : Initializing ExecutorService 'applicationTaskExecutor'
2019-03-05 09:34:58.869  WARN 8027 --- [main] aWebConfiguration$JpaWebMvcConfiguration : spring.jpa.open-in-view is enabled by default. Therefore, database queries may be performed during view rendering. Explicitly configure spring.jpa.open-in-view to disable this warning
2019-03-05 09:34:59.440  INFO 8027 --- [main] c.e.l.LibrarymanagerApplicationTests     : Started LibrarymanagerApplicationTests in 7.154 seconds (JVM running for 9.461)
2019-03-05 09:34:59.902  INFO 8027 --- [Thread-1] o.s.s.concurrent.ThreadPoolTaskExecutor  : Shutting down ExecutorService 'applicationTaskExecutor'
2019-03-05 09:34:59.904  INFO 8027 --- [Thread-1] j.LocalContainerEntityManagerFactoryBean : Closing JPA EntityManagerFactory for persistence unit 'default'
2019-03-05 09:34:59.908  INFO 8027 --- [Thread-1] com.zaxxer.hikari.HikariDataSource       : HikariPool-1 - Shutdown initiated...
2019-03-05 09:34:59.923  INFO 8027 --- [Thread-1] com.zaxxer.hikari.HikariDataSource       : HikariPool-1 - Shutdown completed.
